[debug] [2022-04-21T06:09:47.655Z] ----------------------------------------------------------------------
[debug] [2022-04-21T06:09:47.658Z] Command:       C:\Program Files\nodejs\node.exe C:\Users\lenovo\AppData\Roaming\npm\node_modules\firebase-tools\lib\bin\firebase.js login
[debug] [2022-04-21T06:09:47.658Z] CLI Version:   10.7.0
[debug] [2022-04-21T06:09:47.659Z] Platform:      win32
[debug] [2022-04-21T06:09:47.659Z] Node Version:  v16.14.0
[debug] [2022-04-21T06:09:47.660Z] Time:          Thu Apr 21 2022 14:09:47 GMT+0800 (Singapore Standard Time)
[debug] [2022-04-21T06:09:47.661Z] ----------------------------------------------------------------------
[debug] 
[debug] [2022-04-21T06:09:47.665Z] >>> [apiv2][query] GET https://firebase-public.firebaseio.com/cli.json [none]
[info] i  Firebase optionally collects CLI usage and error reporting information to help improve our products. Data is collected in accordance with Google's privacy policy (https://policies.google.com/privacy) and is not used to identify you.
 
[debug] [2022-04-21T06:09:48.432Z] <<< [apiv2][status] GET https://firebase-public.firebaseio.com/cli.json 200
[debug] [2022-04-21T06:09:48.433Z] <<< [apiv2][body] GET https://firebase-public.firebaseio.com/cli.json {"cloudBuildErrorAfter":1594252800000,"cloudBuildWarnAfter":1590019200000,"defaultNode10After":1594252800000,"minVersion":"3.0.5","node8DeploysDisabledAfter":1613390400000,"node8RuntimeDisabledAfter":1615809600000,"node8WarnAfter":1600128000000}
[info] i  To change your data collection preference at any time, run `firebase logout` and log in again. 
[info] 
[info] Visit this URL on this device to log in:
[info] https://accounts.google.com/o/oauth2/auth?client_id=563584335869-fgrhgmd47bqnekij5i8b5pr03ho849e6.apps.googleusercontent.com&scope=email%20openid%20https%3A%2F%2Fwww.googleapis.com%2Fauth%2Fcloudplatformprojects.readonly%20https%3A%2F%2Fwww.googleapis.com%2Fauth%2Ffirebase%20https%3A%2F%2Fwww.googleapis.com%2Fauth%2Fcloud-platform&response_type=code&state=236566245&redirect_uri=http%3A%2F%2Flocalhost%3A9005
[info] 
[info] Waiting for authentication...
[debug] [2022-04-21T06:10:54.693Z] >>> HTTP REQUEST POST https://accounts.google.com/o/oauth2/token  
 {"code":"4/0AX4XfWi6WBBN1vTPn5zS_3wRr2azHov-3UPmRqytpTrE6NGQjtng980dK3X4HFw0ajKioQ","client_id":"563584335869-fgrhgmd47bqnekij5i8b5pr03ho849e6.apps.googleusercontent.com","client_secret":"j9iVZfS8kkCEFUPaAeJV0sAi","redirect_uri":"http://localhost:9005","grant_type":"authorization_code"}
[debug] [2022-04-21T06:11:15.764Z] Token Fetch Error: FirebaseError: Server Error. connect ETIMEDOUT 142.250.204.45:443
    at Request._callback (C:\Users\lenovo\AppData\Roaming\npm\node_modules\firebase-tools\lib\api.js:32:31)
    at self.callback (C:\Users\lenovo\AppData\Roaming\npm\node_modules\firebase-tools\node_modules\request\request.js:185:22)
    at Request.emit (node:events:520:28)
    at Request.emit (node:domain:475:12)
    at Request.onRequestError (C:\Users\lenovo\AppData\Roaming\npm\node_modules\firebase-tools\node_modules\request\request.js:877:8)
    at ClientRequest.emit (node:events:520:28)
    at ClientRequest.emit (node:domain:475:12)
    at TLSSocket.socketErrorListener (node:_http_client:442:9)
    at TLSSocket.emit (node:events:520:28)
    at TLSSocket.emit (node:domain:475:12)
    at emitErrorNT (node:internal/streams/destroy:157:8)
    at emitErrorCloseNT (node:internal/streams/destroy:122:3)
    at processTicksAndRejections (node:internal/process/task_queues:83:21)
[debug] [2022-04-21T06:11:15.772Z] >>> [apiv2][query] POST https://auth.firebase.tools/attest [none]
[debug] [2022-04-21T06:11:15.773Z] >>> [apiv2][body] POST https://auth.firebase.tools/attest {"session_id":"3474309b-a412-4c06-a582-f1c785ddae90"}
[debug] [2022-04-21T06:11:16.168Z] <<< [apiv2][status] POST https://auth.firebase.tools/attest 200
[debug] [2022-04-21T06:11:16.168Z] <<< [apiv2][body] POST https://auth.firebase.tools/attest {"token":"FR2ixEKTD1LUPEFzmOVoKbFZ2GDyKQs74H0whBiMMhE"}
[info] 
[info] To sign in to the Firebase CLI:
[info] 
[info] 1. Take note of your session ID:
[info] 
[info]    34743
[info] 
[info] 2. Visit the URL below on any device and follow the instructions to get your code:
[info] 
[info]    https://auth.firebase.tools/login?code_challenge=yjkmAxHxQEyLjx7nhgoSmTFCGPXOQ_-hbuV7n70iSpo&session=3474309b-a412-4c06-a582-f1c785ddae90&attest=FR2ixEKTD1LUPEFzmOVoKbFZ2GDyKQs74H0whBiMMhE
[info] 
[info] 3. Paste or enter the authorization code below once you have it:
[info] 
